C51 COMPILER V9.52.0.0   LEDSHANSHUO                                                       06/07/2022 14:37:46 PAGE 1   


C51 COMPILER V9.52.0.0, COMPILATION OF MODULE LEDSHANSHUO
OBJECT MODULE PLACED IN LEDshanshuo.OBJ
COMPILER INVOKED BY: D:\Keil_vn\C51\BIN\C51.EXE LEDshanshuo.c BROWSE DEBUG OBJECTEXTEND TABS(2)

line level    source

   1          #include<reg52.h>
   2          sbit D1= P1^0;
   3          void Delay(unsigned int t)
   4          {
   5   1        while(t--);
   6   1      }
   7          void main()
   8          {
   9   1        while(1)
  10   1        {
  11   2          D1=1;
  12   2          Delay(10000);
  13   2          D1=0;
  14   2          Delay(10000);
  15   2        }
  16   1      }


MODULE INFORMATION:   STATIC OVERLAYABLE
   CODE SIZE        =     31    ----
   CONSTANT SIZE    =   ----    ----
   XDATA SIZE       =   ----    ----
   PDATA SIZE       =   ----    ----
   DATA SIZE        =   ----    ----
   IDATA SIZE       =   ----    ----
   BIT SIZE         =   ----    ----
END OF MODULE INFORMATION.


C51 COMPILATION COMPLETE.  0 WARNING(S),  0 ERROR(S)
