C51 COMPILER V9.52.0.0   LEDSHUILIUDENG                                                    06/07/2022 15:28:30 PAGE 1   


C51 COMPILER V9.52.0.0, COMPILATION OF MODULE LEDSHUILIUDENG
OBJECT MODULE PLACED IN LEDshuiliudeng.OBJ
COMPILER INVOKED BY: D:\Keil_vn\C51\BIN\C51.EXE LEDshuiliudeng.c BROWSE DEBUG OBJECTEXTEND TABS(2)

line level    source

   1          #include<reg52.h>
   2          sbit D1=P1^0;
   3          sbit D2=P1^1;
   4          sbit D3=P1^2;
   5          sbit D4=P1^3;
   6          sbit D5=P1^4;
   7          sbit D6=P1^5;
   8          sbit D7=P1^6;
   9          sbit D8=P1^7;
  10          
  11          void Delay(unsigned int t)
  12          {
  13   1        while(t--);
  14   1      }
  15          void LED_shan()
  16          {
  17   1        char i;
  18   1        for(i=0;i<3;i++)
  19   1        {
  20   2        P1=0x00;
  21   2        Delay(10000);
  22   2        P1=0xff;
  23   2        Delay(10000); 
  24   2        }
  25   1      }
  26          void LED_run()
  27          {
  28   1        D1=0;Delay(10000);
  29   1        D2=0;Delay(10000);
  30   1        D3=0;Delay(10000);
  31   1        D4=0;Delay(10000);
  32   1        D5=0;Delay(10000);
  33   1        D6=0;Delay(10000);
  34   1        D7=0;Delay(10000);
  35   1        D8=0;Delay(10000);
  36   1        
  37   1        D1=1;Delay(10000);
  38   1        D2=1;Delay(10000);
  39   1        D3=1;Delay(10000);
  40   1        D4=1;Delay(10000);
  41   1        D5=1;Delay(10000);
  42   1        D6=1;Delay(10000);
  43   1        D7=1;Delay(10000);
  44   1        D8=1;Delay(10000);
  45   1        
  46   1        D1=0;Delay(10000);
  47   1        D2=0;Delay(10000);
  48   1        D3=0;Delay(10000);
  49   1        D4=0;Delay(10000);
  50   1        D5=0;Delay(10000);
  51   1        D6=0;Delay(10000);
  52   1        D7=0;Delay(10000);
  53   1        D8=0;Delay(10000);
  54   1        
  55   1        D8=1;Delay(10000);
C51 COMPILER V9.52.0.0   LEDSHUILIUDENG                                                    06/07/2022 15:28:30 PAGE 2   

  56   1        D7=1;Delay(10000);
  57   1        D6=1;Delay(10000);
  58   1        D5=1;Delay(10000);
  59   1        D4=1;Delay(10000);
  60   1        D3=1;Delay(10000);
  61   1        D2=1;Delay(10000);
  62   1        D1=1;Delay(10000);
  63   1      }
  64          void main()
  65          {
  66   1        while(1)
  67   1        {
  68   2          LED_shan();
  69   2          LED_run();
  70   2        }
  71   1      
  72   1      }


MODULE INFORMATION:   STATIC OVERLAYABLE
   CODE SIZE        =    197    ----
   CONSTANT SIZE    =   ----    ----
   XDATA SIZE       =   ----    ----
   PDATA SIZE       =   ----    ----
   DATA SIZE        =   ----    ----
   IDATA SIZE       =   ----    ----
   BIT SIZE         =   ----    ----
END OF MODULE INFORMATION.


C51 COMPILATION COMPLETE.  0 WARNING(S),  0 ERROR(S)
